current directory: /home/ruba/rails/intern_test_app/vendo/bundle/ruby/3.2.0/gems/json-2.18.0/ext/json/ext/parser
/usr/bin/ruby3.2 -I/usr/lib/ruby/vendor_ruby extconf.rb
checking for rb_enc_interned_str() in ruby/encoding.h... yes
checking for rb_str_to_interned_str() in ruby.h... yes
checking for rb_hash_new_capa() in ruby.h... yes
checking for rb_hash_bulk_insert() in ruby.h... yes
checking for whether -std=c99 is accepted as CFLAGS... yes
checking for x86intrin.h... yes
checking for cpuid.h... yes
creating Makefile

current directory: /home/ruba/rails/intern_test_app/vendo/bundle/ruby/3.2.0/gems/json-2.18.0/ext/json/ext/parser
make DESTDIR\= sitearchdir\=./.gem.20260205-8675-mfzpct sitelibdir\=./.gem.20260205-8675-mfzpct clean

current directory: /home/ruba/rails/intern_test_app/vendo/bundle/ruby/3.2.0/gems/json-2.18.0/ext/json/ext/parser
make DESTDIR\= sitearchdir\=./.gem.20260205-8675-mfzpct sitelibdir\=./.gem.20260205-8675-mfzpct
compiling parser.c
linking shared-object json/ext/parser.so

current directory: /home/ruba/rails/intern_test_app/vendo/bundle/ruby/3.2.0/gems/json-2.18.0/ext/json/ext/parser
make DESTDIR\= sitearchdir\=./.gem.20260205-8675-mfzpct sitelibdir\=./.gem.20260205-8675-mfzpct install
/usr/bin/install -c -m 0755 parser.so ./.gem.20260205-8675-mfzpct/json/ext

current directory: /home/ruba/rails/intern_test_app/vendo/bundle/ruby/3.2.0/gems/json-2.18.0/ext/json/ext/parser
make DESTDIR\= sitearchdir\=./.gem.20260205-8675-mfzpct sitelibdir\=./.gem.20260205-8675-mfzpct clean
